<?xml version="1.0" encoding="UTF-8"?>
<testng-results skipped="0" failed="0" ignored="0" total="2" passed="2">
  <reporter-output>
  </reporter-output>
  <suite name="Default suite" duration-ms="10974" started-at="2020-05-25T06:00:52Z" finished-at="2020-05-25T06:01:03Z">
    <groups>
    </groups>
    <test name="Default test" duration-ms="10974" started-at="2020-05-25T06:00:52Z" finished-at="2020-05-25T06:01:03Z">
      <class name="Reusablelibrary.ExtentReportsWithTestNG">
        <test-method status="PASS" signature="setUp()[pri:0, instance:Reusablelibrary.ExtentReportsWithTestNG@52f759d7]" name="setUp" is-config="true" duration-ms="173" started-at="2020-05-25T06:00:52Z" finished-at="2020-05-25T06:00:52Z">
          <reporter-output>
          </reporter-output>
        </test-method> <!-- setUp -->
        <test-method status="PASS" signature="setUpTest()[pri:0, instance:Reusablelibrary.ExtentReportsWithTestNG@52f759d7]" name="setUpTest" is-config="true" duration-ms="5114" started-at="2020-05-25T06:00:52Z" finished-at="2020-05-25T06:00:57Z">
          <reporter-output>
          </reporter-output>
        </test-method> <!-- setUpTest -->
        <test-method status="PASS" signature="test1()[pri:0, instance:Reusablelibrary.ExtentReportsWithTestNG@52f759d7]" name="test1" duration-ms="1764" started-at="2020-05-25T06:00:57Z" finished-at="2020-05-25T06:00:59Z">
          <reporter-output>
          </reporter-output>
        </test-method> <!-- test1 -->
        <test-method status="PASS" signature="test2()[pri:0, instance:Reusablelibrary.ExtentReportsWithTestNG@52f759d7]" name="test2" duration-ms="561" started-at="2020-05-25T06:00:59Z" finished-at="2020-05-25T06:01:00Z">
          <reporter-output>
          </reporter-output>
        </test-method> <!-- test2 -->
        <test-method status="PASS" signature="tearDownTest()[pri:0, instance:Reusablelibrary.ExtentReportsWithTestNG@52f759d7]" name="tearDownTest" is-config="true" duration-ms="3508" started-at="2020-05-25T06:01:00Z" finished-at="2020-05-25T06:01:03Z">
          <reporter-output>
          </reporter-output>
        </test-method> <!-- tearDownTest -->
        <test-method status="PASS" signature="tearDown()[pri:0, instance:Reusablelibrary.ExtentReportsWithTestNG@52f759d7]" name="tearDown" is-config="true" duration-ms="302" started-at="2020-05-25T06:01:04Z" finished-at="2020-05-25T06:01:04Z">
          <reporter-output>
          </reporter-output>
        </test-method> <!-- tearDown -->
      </class> <!-- Reusablelibrary.ExtentReportsWithTestNG -->
    </test> <!-- Default test -->
  </suite> <!-- Default suite -->
</testng-results>
